12:19:37.836 [main] INFO  App - Info log message
12:19:37.839 [main] ERROR App - Error log message
12:19:59.264 [main] INFO  App - Info log message
12:19:59.267 [main] ERROR App - Error log message
12:20:12.062 [main] DEBUG App - Debug log message
12:20:12.065 [main] INFO  App - Info log message
12:20:12.065 [main] ERROR App - Error log message
14:41:11.747 [main] ERROR dominion.core.DominionApp - Failed to find Game Configuration. Make sure you have supplied dominion.config within the resources folder
14:42:36.806 [main] INFO  dominion.core.DominionApp - Headless has been configured to false
14:42:47.404 [main] INFO  dominion.core.DominionApp - Headless has been configured to true
17:11:09.132 [main] INFO  dominion.core.initialisation.GameLoader - Loading with player count of 3
17:11:22.352 [main] INFO  dominion.core.initialisation.GameLoader - Loading with player count of 3
17:11:25.288 [main] INFO  dominion.core.initialisation.GameLoader - Loading with player count of 3
17:11:33.240 [main] INFO  dominion.core.initialisation.GameLoader - Loading with player count of 3
17:11:35.850 [main] INFO  dominion.core.initialisation.GameLoader - Loading with player count of 3
17:12:37.770 [main] INFO  dominion.core.initialisation.GameLoader - Loading with player count of 3
17:14:04.314 [main] INFO  dominion.core.initialisation.GameLoader - Loading with player count of 3
17:14:04.318 [main] INFO  dominion.core.initialisation.GameLoader - Loading card First Card into the game
17:14:04.318 [main] INFO  dominion.core.initialisation.GameLoader - Loading card Second Card into the game
17:14:04.318 [main] INFO  dominion.core.initialisation.GameLoader - Loading card Third card into the game
17:14:04.320 [main] INFO  dominion.core.initialisation.GameLoader - Starting game
17:14:34.905 [main] INFO  dominion.core.initialisation.GameLoader - Loading with player count of 3
17:14:34.909 [main] INFO  dominion.core.initialisation.GameLoader - Loading card First Card into the game
17:14:34.909 [main] INFO  dominion.core.initialisation.GameLoader - Loading card Second Card into the game
17:14:34.909 [main] INFO  dominion.core.initialisation.GameLoader - Loading card Third card into the game
17:14:34.911 [main] INFO  dominion.core.initialisation.GameLoader - Starting game
17:26:24.107 [main] INFO  dominion.core.rfa.RequestForActionRouter - Instantiating RequestForActionRouter
17:26:24.118 [main] INFO  dominion.core.rfa.RequestForActionRouter - Adding handler for player Player 1
17:26:24.119 [main] INFO  dominion.core.rfa.RequestForActionRouter - Adding handler for player Player 2
17:26:24.119 [main] INFO  dominion.core.rfa.RequestForActionRouter - Adding handler for player Player 3
17:26:24.119 [main] INFO  dominion.core.initialisation.GameLoader - Loading card First Card into the game
17:26:24.119 [main] INFO  dominion.core.initialisation.GameLoader - Loading card Second Card into the game
17:26:24.119 [main] INFO  dominion.core.initialisation.GameLoader - Loading card Third card into the game
17:26:24.120 [main] INFO  dominion.core.initialisation.GameLoader - Starting game
18:33:05.822 [main] INFO  dominion.core.rfa.RequestForActionRouter - Instantiating RequestForActionRouter
18:33:05.834 [main] INFO  dominion.core.rfa.RequestForActionRouter - Adding handler for player Player 1
18:33:05.834 [main] INFO  dominion.core.rfa.RequestForActionRouter - Adding handler for player Player 2
18:33:05.834 [main] INFO  dominion.core.rfa.RequestForActionRouter - Adding handler for player Player 3
18:33:05.834 [main] INFO  dominion.core.rfa.RequestForActionRouter - Adding handler for player Player 4
18:33:05.834 [main] INFO  dominion.core.initialisation.GameLoader - Loading card First Card into the game
18:33:05.835 [main] INFO  dominion.core.initialisation.GameLoader - Loading card Second Card into the game
18:33:05.835 [main] INFO  dominion.core.initialisation.GameLoader - Loading card Third card into the game
18:33:05.835 [main] INFO  dominion.core.initialisation.GameLoader - Starting game
18:47:27.921 [main] INFO  dominion.core.rfa.RequestForActionRouter - Instantiating RequestForActionRouter
18:47:27.931 [main] INFO  dominion.core.rfa.RequestForActionRouter - Adding handler for player Player 1
18:47:27.932 [main] INFO  dominion.core.rfa.RequestForActionRouter - Adding handler for player Player 2
18:47:27.932 [main] INFO  dominion.core.rfa.RequestForActionRouter - Adding handler for player Player 3
18:47:27.932 [main] INFO  dominion.core.rfa.RequestForActionRouter - Adding handler for player Player 4
18:47:27.933 [main] INFO  dominion.state.TurnManager - Instantiating the Turn Manager
18:47:27.933 [main] INFO  dominion.state.TurnManager - Setting players
18:47:27.934 [main] INFO  dominion.core.initialisation.GameLoader - Loading card First Card into the game
18:47:27.934 [main] INFO  dominion.core.initialisation.GameLoader - Loading card Second Card into the game
18:47:27.934 [main] INFO  dominion.core.initialisation.GameLoader - Loading card Third card into the game
18:47:27.934 [main] INFO  dominion.state.TurnManager - Starting game
18:47:27.935 [main] INFO  dominion.core.rfa.RequestForActionRouter - Routing action to player Player 1
18:47:27.936 [main] INFO  dominion.core.player.controller.PlayerController - Player Player 1 received request to play a card
18:47:54.377 [main] INFO  dominion.core.rfa.RequestForActionRouter - Instantiating RequestForActionRouter
18:47:54.392 [main] INFO  dominion.core.rfa.RequestForActionRouter - Adding handler for player Player 1
18:47:54.392 [main] INFO  dominion.core.rfa.RequestForActionRouter - Adding handler for player Player 2
18:47:54.393 [main] INFO  dominion.core.rfa.RequestForActionRouter - Adding handler for player Player 3
18:47:54.393 [main] INFO  dominion.core.rfa.RequestForActionRouter - Adding handler for player Player 4
18:47:54.396 [main] INFO  dominion.state.TurnManager - Instantiating the Turn Manager
18:47:54.396 [main] INFO  dominion.state.TurnManager - Setting players
18:47:54.396 [main] INFO  dominion.core.initialisation.GameLoader - Loading card First Card into the game
18:47:54.396 [main] INFO  dominion.core.initialisation.GameLoader - Loading card Second Card into the game
18:47:54.397 [main] INFO  dominion.core.initialisation.GameLoader - Loading card Third card into the game
18:47:54.397 [main] INFO  dominion.state.TurnManager - Starting game
18:47:54.398 [main] INFO  dominion.core.rfa.RequestForActionRouter - Routing action to player Player 1
18:47:54.399 [main] INFO  dominion.core.player.controller.PlayerController - Player Player 1 received request to choose an action card
